SF:lib\model\definition.dart
DA:7,3
DA:9,3
DA:10,3
DA:11,3
DA:12,3
DA:13,6
LF:6
LH:6
end_of_record
SF:lib\model\entry.dart
DA:4,2
DA:6,2
DA:7,4
DA:8,4
DA:10,6
DA:11,6
LF:6
LH:6
end_of_record
SF:lib\modules\search\bloc\search_bloc.dart
DA:10,1
DA:12,1
DA:13,1
DA:16,1
DA:17,1
DA:18,2
DA:19,3
DA:20,2
DA:22,1
DA:23,2
DA:25,4
DA:26,2
DA:28,1
DA:29,2
DA:31,3
DA:32,2
DA:36,1
DA:38,1
LF:18
LH:18
end_of_record
SF:lib\modules\search\bloc\search_event.dart
DA:4,1
DA:8,0
DA:15,1
DA:17,0
DA:18,0
DA:24,1
DA:26,0
DA:27,0
LF:8
LH:3
end_of_record
SF:lib\modules\search\bloc\search_state.dart
DA:8,1
DA:10,1
DA:16,1
DA:18,1
DA:19,2
DA:24,1
DA:26,1
DA:27,2
DA:32,1
DA:34,1
DA:35,2
LF:11
LH:11
end_of_record
SF:lib\services\definition_service.dart
DA:7,1
DA:8,3
DA:12,1
DA:13,4
DA:14,1
DA:19,1
DA:20,2
DA:23,7
DA:24,1
DA:29,0
DA:30,0
DA:32,0
DA:40,0
DA:41,0
LF:14
LH:9
end_of_record
SF:lib\modules\home\home.dart
DA:10,1
DA:12,1
DA:13,1
DA:16,1
DA:17,1
DA:18,1
DA:20,1
DA:21,1
DA:23,1
DA:24,1
DA:25,0
DA:26,0
DA:27,0
DA:30,0
DA:31,0
DA:32,0
DA:36,1
DA:37,1
DA:38,1
DA:39,1
DA:40,1
DA:41,1
DA:45,0
LF:23
LH:16
end_of_record
SF:lib\modules\home\bloc\home_event.dart
DA:4,0
DA:8,0
DA:9,0
LF:3
LH:0
end_of_record
SF:lib\modules\home\bloc\home_state.dart
DA:4,1
DA:8,0
DA:9,0
DA:13,0
DA:14,0
DA:18,0
DA:19,0
LF:7
LH:1
end_of_record
SF:lib\modules\home\bloc\home_bloc.dart
DA:8,0
DA:9,0
DA:12,0
DA:15,0
DA:16,0
DA:17,0
DA:18,0
LF:7
LH:0
end_of_record
SF:lib\modules\search\search_bar.dart
DA:12,1
DA:14,1
DA:16,1
DA:17,1
DA:18,1
DA:19,0
DA:20,0
DA:22,0
DA:23,0
DA:24,0
DA:36,0
DA:38,0
DA:40,0
DA:41,0
DA:42,0
DA:43,0
DA:44,0
DA:45,0
DA:48,0
DA:49,0
DA:50,0
DA:51,0
DA:52,0
DA:58,0
DA:60,0
DA:61,0
DA:62,0
DA:63,0
DA:64,0
DA:65,0
DA:66,0
DA:67,0
DA:74,0
DA:76,0
DA:77,0
DA:78,0
DA:81,0
DA:82,0
DA:86,0
DA:88,0
DA:89,0
DA:91,0
DA:92,0
DA:93,0
DA:94,0
DA:95,0
DA:96,0
DA:97,0
DA:98,0
DA:99,0
DA:104,0
LF:51
LH:5
end_of_record
SF:lib\modules\search\search_less_than_two_characters.dart
DA:4,0
DA:6,0
DA:8,0
DA:10,0
DA:11,0
DA:12,0
LF:6
LH:0
end_of_record
SF:lib\modules\search\search_no_results_found.dart
DA:4,0
DA:6,0
DA:8,0
DA:9,0
DA:10,0
LF:5
LH:0
end_of_record
SF:lib\modules\search\search_suggestion_result.dart
DA:7,0
DA:9,0
DA:11,0
DA:13,0
DA:15,0
DA:16,0
DA:17,0
DA:18,0
DA:21,0
DA:24,0
DA:25,0
LF:11
LH:0
end_of_record
SF:lib\modules\search\search_result_list.dart
DA:8,0
DA:10,0
DA:11,0
DA:12,0
DA:13,0
DA:14,0
DA:15,0
DA:20,0
DA:21,0
DA:22,0
DA:23,0
DA:28,0
LF:12
LH:0
end_of_record
SF:lib\modules\search\term_result_list.dart
DA:8,0
DA:10,0
DA:12,0
DA:14,0
DA:15,0
DA:16,0
DA:17,0
DA:21,0
DA:24,0
DA:25,0
LF:10
LH:0
end_of_record
SF:lib\modules\home\bloc\home_bloc.dart
DA:8,1
DA:9,1
DA:12,1
DA:15,1
DA:16,2
DA:17,2
DA:18,2
LF:7
LH:7
end_of_record
SF:lib\modules\home\bloc\home_event.dart
DA:4,1
DA:8,0
DA:9,0
LF:3
LH:1
end_of_record
SF:lib\modules\home\bloc\home_state.dart
DA:4,1
DA:8,1
DA:9,1
DA:13,1
DA:14,1
DA:18,1
DA:19,1
LF:7
LH:7
end_of_record
